[debug] [2023-04-17T17:32:09.845Z] ----------------------------------------------------------------------
[debug] [2023-04-17T17:32:09.846Z] Command:       /home/elliott/.nvm/versions/node/v16.14.0/bin/node /home/elliott/.nvm/versions/node/v16.14.0/bin/firebase deploy
[debug] [2023-04-17T17:32:09.846Z] CLI Version:   11.25.1
[debug] [2023-04-17T17:32:09.846Z] Platform:      linux
[debug] [2023-04-17T17:32:09.847Z] Node Version:  v16.14.0
[debug] [2023-04-17T17:32:09.847Z] Time:          Mon Apr 17 2023 18:32:09 GMT+0100 (British Summer Time)
[debug] [2023-04-17T17:32:09.847Z] ----------------------------------------------------------------------
[debug] 
[debug] [2023-04-17T17:32:09.890Z] > command requires scopes: ["email","openid","https://www.googleapis.com/auth/cloudplatformprojects.readonly","https://www.googleapis.com/auth/firebase","https://www.googleapis.com/auth/cloud-platform"]
[debug] [2023-04-17T17:32:09.890Z] > authorizing via signed-in user (elliottking95@gmail.com)
[debug] [2023-04-17T17:32:09.890Z] [iam] checking project elliottking-dev for permissions ["firebase.projects.get","firebasehosting.sites.update"]
[debug] [2023-04-17T17:32:09.892Z] >>> [apiv2][query] POST https://cloudresourcemanager.googleapis.com/v1/projects/elliottking-dev:testIamPermissions [none]
[debug] [2023-04-17T17:32:09.892Z] >>> [apiv2][(partial)header] POST https://cloudresourcemanager.googleapis.com/v1/projects/elliottking-dev:testIamPermissions x-goog-quota-user=projects/elliottking-dev
[debug] [2023-04-17T17:32:09.892Z] >>> [apiv2][body] POST https://cloudresourcemanager.googleapis.com/v1/projects/elliottking-dev:testIamPermissions {"permissions":["firebase.projects.get","firebasehosting.sites.update"]}
[debug] [2023-04-17T17:32:10.575Z] <<< [apiv2][status] POST https://cloudresourcemanager.googleapis.com/v1/projects/elliottking-dev:testIamPermissions 200
[debug] [2023-04-17T17:32:10.576Z] <<< [apiv2][body] POST https://cloudresourcemanager.googleapis.com/v1/projects/elliottking-dev:testIamPermissions {"permissions":["firebase.projects.get","firebasehosting.sites.update"]}
[debug] [2023-04-17T17:32:10.577Z] >>> [apiv2][query] GET https://firebase.googleapis.com/v1beta1/projects/elliottking-dev [none]
[debug] [2023-04-17T17:32:10.879Z] <<< [apiv2][status] GET https://firebase.googleapis.com/v1beta1/projects/elliottking-dev 200
[debug] [2023-04-17T17:32:10.880Z] <<< [apiv2][body] GET https://firebase.googleapis.com/v1beta1/projects/elliottking-dev {"projectId":"elliottking-dev","projectNumber":"297532831179","displayName":"elliottking-dev","name":"projects/elliottking-dev","resources":{"hostingSite":"elliottking-dev"},"state":"ACTIVE","etag":"1_423ed81b-bcea-48f7-834c-23f69530a8c5"}
[debug] [2023-04-17T17:33:26.473Z] Error: Command failed: npm i --omit dev --no-audit
    at checkExecSyncError (node:child_process:828:11)
    at execSync (node:child_process:902:15)
    at prepareFrameworks (/home/elliott/.nvm/versions/node/v16.14.0/lib/node_modules/firebase-tools/lib/frameworks/index.js:372:42)
    at async deploy (/home/elliott/.nvm/versions/node/v16.14.0/lib/node_modules/firebase-tools/lib/deploy/index.js:53:13)
[error] 
[error] Error: An unexpected error has occurred.
